<?xml version="1.0" encoding="UTF-8"?>
<!-- Generated by org.testng.reporters.JUnitReportReporter -->
<testsuite hostname="CHANDRU" name="com.acttime.customerTest.customerTest" tests="1" failures="0" timestamp="9 May 2019 17:53:41 GMT" time="119.785" errors="0">
  <testcase name="createCustomer" time="119.785" classname="com.acttime.customerTest.customerTest"/>
</testsuite> <!-- com.acttime.customerTest.customerTest -->
